WARNING - 2024-01-18 14:02:46 --> [DEPRECATED] Creation of dynamic property App\Controllers\Home::$usuario is deprecated in APPPATH/Controllers/Home.php on line 11.
 1 SYSTEMPATH/CodeIgniter.php(913): App\Controllers\Home->__construct()
 2 SYSTEMPATH/CodeIgniter.php(493): CodeIgniter\CodeIgniter->createController()
 3 SYSTEMPATH/CodeIgniter.php(361): CodeIgniter\CodeIgniter->handleRequest(null, Object(Config\Cache), false)
 4 FCPATH/index.php(79): CodeIgniter\CodeIgniter->run()
INFO - 2024-01-18 14:02:46 --> Session: Class initialized using 'CodeIgniter\Session\Handlers\FileHandler' driver.
INFO - 2024-01-18 14:02:46 --> Session: Class initialized using 'CodeIgniter\Session\Handlers\FileHandler' driver.
INFO - 2024-01-18 14:02:47 --> Session: Class initialized using 'CodeIgniter\Session\Handlers\FileHandler' driver.
INFO - 2024-01-18 14:02:49 --> CSRF token verified.
INFO - 2024-01-18 14:02:49 --> Session: Class initialized using 'CodeIgniter\Session\Handlers\FileHandler' driver.
WARNING - 2024-01-18 14:02:50 --> [DEPRECATED] Creation of dynamic property App\Controllers\Home::$usuario is deprecated in APPPATH/Controllers/Home.php on line 11.
 1 SYSTEMPATH/CodeIgniter.php(913): App\Controllers\Home->__construct()
 2 SYSTEMPATH/CodeIgniter.php(493): CodeIgniter\CodeIgniter->createController()
 3 SYSTEMPATH/CodeIgniter.php(361): CodeIgniter\CodeIgniter->handleRequest(null, Object(Config\Cache), false)
 4 FCPATH/index.php(79): CodeIgniter\CodeIgniter->run()
INFO - 2024-01-18 14:02:50 --> Session: Class initialized using 'CodeIgniter\Session\Handlers\FileHandler' driver.
INFO - 2024-01-18 14:02:53 --> Session: Class initialized using 'CodeIgniter\Session\Handlers\FileHandler' driver.
INFO - 2024-01-18 14:02:53 --> Session: Class initialized using 'CodeIgniter\Session\Handlers\FileHandler' driver.
INFO - 2024-01-18 14:14:24 --> CSRF token verified.
INFO - 2024-01-18 14:14:24 --> Session: Class initialized using 'CodeIgniter\Session\Handlers\FileHandler' driver.
WARNING - 2024-01-18 14:14:24 --> [DEPRECATED] Creation of dynamic property App\Controllers\Home::$usuario is deprecated in APPPATH/Controllers/Home.php on line 11.
 1 SYSTEMPATH/CodeIgniter.php(913): App\Controllers\Home->__construct()
 2 SYSTEMPATH/CodeIgniter.php(493): CodeIgniter\CodeIgniter->createController()
 3 SYSTEMPATH/CodeIgniter.php(361): CodeIgniter\CodeIgniter->handleRequest(null, Object(Config\Cache), false)
 4 FCPATH/index.php(79): CodeIgniter\CodeIgniter->run()
INFO - 2024-01-18 14:14:24 --> Session: Class initialized using 'CodeIgniter\Session\Handlers\FileHandler' driver.
WARNING - 2024-01-18 14:15:47 --> [DEPRECATED] Creation of dynamic property App\Controllers\Home::$usuario is deprecated in APPPATH/Controllers/Home.php on line 11.
 1 SYSTEMPATH/CodeIgniter.php(913): App\Controllers\Home->__construct()
 2 SYSTEMPATH/CodeIgniter.php(493): CodeIgniter\CodeIgniter->createController()
 3 SYSTEMPATH/CodeIgniter.php(361): CodeIgniter\CodeIgniter->handleRequest(null, Object(Config\Cache), false)
 4 FCPATH/index.php(79): CodeIgniter\CodeIgniter->run()
INFO - 2024-01-18 14:15:47 --> Session: Class initialized using 'CodeIgniter\Session\Handlers\FileHandler' driver.
WARNING - 2024-01-18 14:15:47 --> [DEPRECATED] Creation of dynamic property App\Controllers\Home::$usuario is deprecated in APPPATH/Controllers/Home.php on line 11.
 1 SYSTEMPATH/CodeIgniter.php(913): App\Controllers\Home->__construct()
 2 SYSTEMPATH/CodeIgniter.php(493): CodeIgniter\CodeIgniter->createController()
 3 SYSTEMPATH/CodeIgniter.php(361): CodeIgniter\CodeIgniter->handleRequest(null, Object(Config\Cache), false)
 4 FCPATH/index.php(79): CodeIgniter\CodeIgniter->run()
INFO - 2024-01-18 14:15:47 --> Session: Class initialized using 'CodeIgniter\Session\Handlers\FileHandler' driver.
WARNING - 2024-01-18 14:16:05 --> [DEPRECATED] Creation of dynamic property App\Controllers\Home::$usuario is deprecated in APPPATH/Controllers/Home.php on line 11.
 1 SYSTEMPATH/CodeIgniter.php(913): App\Controllers\Home->__construct()
 2 SYSTEMPATH/CodeIgniter.php(493): CodeIgniter\CodeIgniter->createController()
 3 SYSTEMPATH/CodeIgniter.php(361): CodeIgniter\CodeIgniter->handleRequest(null, Object(Config\Cache), false)
 4 FCPATH/index.php(79): CodeIgniter\CodeIgniter->run()
INFO - 2024-01-18 14:16:05 --> Session: Class initialized using 'CodeIgniter\Session\Handlers\FileHandler' driver.
WARNING - 2024-01-18 14:16:05 --> [DEPRECATED] Creation of dynamic property App\Controllers\Home::$usuario is deprecated in APPPATH/Controllers/Home.php on line 11.
 1 SYSTEMPATH/CodeIgniter.php(913): App\Controllers\Home->__construct()
 2 SYSTEMPATH/CodeIgniter.php(493): CodeIgniter\CodeIgniter->createController()
 3 SYSTEMPATH/CodeIgniter.php(361): CodeIgniter\CodeIgniter->handleRequest(null, Object(Config\Cache), false)
 4 FCPATH/index.php(79): CodeIgniter\CodeIgniter->run()
INFO - 2024-01-18 14:16:05 --> Session: Class initialized using 'CodeIgniter\Session\Handlers\FileHandler' driver.
WARNING - 2024-01-18 14:16:05 --> [DEPRECATED] Creation of dynamic property App\Controllers\Home::$usuario is deprecated in APPPATH/Controllers/Home.php on line 11.
 1 SYSTEMPATH/CodeIgniter.php(913): App\Controllers\Home->__construct()
 2 SYSTEMPATH/CodeIgniter.php(493): CodeIgniter\CodeIgniter->createController()
 3 SYSTEMPATH/CodeIgniter.php(361): CodeIgniter\CodeIgniter->handleRequest(null, Object(Config\Cache), false)
 4 FCPATH/index.php(79): CodeIgniter\CodeIgniter->run()
INFO - 2024-01-18 14:16:05 --> Session: Class initialized using 'CodeIgniter\Session\Handlers\FileHandler' driver.
WARNING - 2024-01-18 14:16:06 --> [DEPRECATED] Creation of dynamic property App\Controllers\Home::$usuario is deprecated in APPPATH/Controllers/Home.php on line 11.
 1 SYSTEMPATH/CodeIgniter.php(913): App\Controllers\Home->__construct()
 2 SYSTEMPATH/CodeIgniter.php(493): CodeIgniter\CodeIgniter->createController()
 3 SYSTEMPATH/CodeIgniter.php(361): CodeIgniter\CodeIgniter->handleRequest(null, Object(Config\Cache), false)
 4 FCPATH/index.php(79): CodeIgniter\CodeIgniter->run()
INFO - 2024-01-18 14:16:06 --> Session: Class initialized using 'CodeIgniter\Session\Handlers\FileHandler' driver.
WARNING - 2024-01-18 14:17:06 --> [DEPRECATED] Creation of dynamic property App\Controllers\Home::$usuario is deprecated in APPPATH/Controllers/Home.php on line 11.
 1 SYSTEMPATH/CodeIgniter.php(913): App\Controllers\Home->__construct()
 2 SYSTEMPATH/CodeIgniter.php(493): CodeIgniter\CodeIgniter->createController()
 3 SYSTEMPATH/CodeIgniter.php(361): CodeIgniter\CodeIgniter->handleRequest(null, Object(Config\Cache), false)
 4 FCPATH/index.php(79): CodeIgniter\CodeIgniter->run()
INFO - 2024-01-18 14:17:06 --> Session: Class initialized using 'CodeIgniter\Session\Handlers\FileHandler' driver.
WARNING - 2024-01-18 14:17:07 --> [DEPRECATED] Creation of dynamic property App\Controllers\Home::$usuario is deprecated in APPPATH/Controllers/Home.php on line 11.
 1 SYSTEMPATH/CodeIgniter.php(913): App\Controllers\Home->__construct()
 2 SYSTEMPATH/CodeIgniter.php(493): CodeIgniter\CodeIgniter->createController()
 3 SYSTEMPATH/CodeIgniter.php(361): CodeIgniter\CodeIgniter->handleRequest(null, Object(Config\Cache), false)
 4 FCPATH/index.php(79): CodeIgniter\CodeIgniter->run()
INFO - 2024-01-18 14:17:07 --> Session: Class initialized using 'CodeIgniter\Session\Handlers\FileHandler' driver.
WARNING - 2024-01-18 14:17:08 --> [DEPRECATED] Creation of dynamic property App\Controllers\Home::$usuario is deprecated in APPPATH/Controllers/Home.php on line 11.
 1 SYSTEMPATH/CodeIgniter.php(913): App\Controllers\Home->__construct()
 2 SYSTEMPATH/CodeIgniter.php(493): CodeIgniter\CodeIgniter->createController()
 3 SYSTEMPATH/CodeIgniter.php(361): CodeIgniter\CodeIgniter->handleRequest(null, Object(Config\Cache), false)
 4 FCPATH/index.php(79): CodeIgniter\CodeIgniter->run()
INFO - 2024-01-18 14:17:08 --> Session: Class initialized using 'CodeIgniter\Session\Handlers\FileHandler' driver.
WARNING - 2024-01-18 14:17:08 --> [DEPRECATED] Creation of dynamic property App\Controllers\Home::$usuario is deprecated in APPPATH/Controllers/Home.php on line 11.
 1 SYSTEMPATH/CodeIgniter.php(913): App\Controllers\Home->__construct()
 2 SYSTEMPATH/CodeIgniter.php(493): CodeIgniter\CodeIgniter->createController()
 3 SYSTEMPATH/CodeIgniter.php(361): CodeIgniter\CodeIgniter->handleRequest(null, Object(Config\Cache), false)
 4 FCPATH/index.php(79): CodeIgniter\CodeIgniter->run()
INFO - 2024-01-18 14:17:08 --> Session: Class initialized using 'CodeIgniter\Session\Handlers\FileHandler' driver.
WARNING - 2024-01-18 14:17:09 --> [DEPRECATED] Creation of dynamic property App\Controllers\Home::$usuario is deprecated in APPPATH/Controllers/Home.php on line 11.
 1 SYSTEMPATH/CodeIgniter.php(913): App\Controllers\Home->__construct()
 2 SYSTEMPATH/CodeIgniter.php(493): CodeIgniter\CodeIgniter->createController()
 3 SYSTEMPATH/CodeIgniter.php(361): CodeIgniter\CodeIgniter->handleRequest(null, Object(Config\Cache), false)
 4 FCPATH/index.php(79): CodeIgniter\CodeIgniter->run()
INFO - 2024-01-18 14:17:09 --> Session: Class initialized using 'CodeIgniter\Session\Handlers\FileHandler' driver.
WARNING - 2024-01-18 14:17:09 --> [DEPRECATED] Creation of dynamic property App\Controllers\Home::$usuario is deprecated in APPPATH/Controllers/Home.php on line 11.
 1 SYSTEMPATH/CodeIgniter.php(913): App\Controllers\Home->__construct()
 2 SYSTEMPATH/CodeIgniter.php(493): CodeIgniter\CodeIgniter->createController()
 3 SYSTEMPATH/CodeIgniter.php(361): CodeIgniter\CodeIgniter->handleRequest(null, Object(Config\Cache), false)
 4 FCPATH/index.php(79): CodeIgniter\CodeIgniter->run()
INFO - 2024-01-18 14:17:09 --> Session: Class initialized using 'CodeIgniter\Session\Handlers\FileHandler' driver.
WARNING - 2024-01-18 14:17:31 --> [DEPRECATED] Creation of dynamic property App\Controllers\Home::$usuario is deprecated in APPPATH/Controllers/Home.php on line 11.
 1 SYSTEMPATH/CodeIgniter.php(913): App\Controllers\Home->__construct()
 2 SYSTEMPATH/CodeIgniter.php(493): CodeIgniter\CodeIgniter->createController()
 3 SYSTEMPATH/CodeIgniter.php(361): CodeIgniter\CodeIgniter->handleRequest(null, Object(Config\Cache), false)
 4 FCPATH/index.php(79): CodeIgniter\CodeIgniter->run()
INFO - 2024-01-18 14:17:31 --> Session: Class initialized using 'CodeIgniter\Session\Handlers\FileHandler' driver.
WARNING - 2024-01-18 14:17:32 --> [DEPRECATED] Creation of dynamic property App\Controllers\Home::$usuario is deprecated in APPPATH/Controllers/Home.php on line 11.
 1 SYSTEMPATH/CodeIgniter.php(913): App\Controllers\Home->__construct()
 2 SYSTEMPATH/CodeIgniter.php(493): CodeIgniter\CodeIgniter->createController()
 3 SYSTEMPATH/CodeIgniter.php(361): CodeIgniter\CodeIgniter->handleRequest(null, Object(Config\Cache), false)
 4 FCPATH/index.php(79): CodeIgniter\CodeIgniter->run()
INFO - 2024-01-18 14:17:32 --> Session: Class initialized using 'CodeIgniter\Session\Handlers\FileHandler' driver.
WARNING - 2024-01-18 14:17:32 --> [DEPRECATED] Creation of dynamic property App\Controllers\Home::$usuario is deprecated in APPPATH/Controllers/Home.php on line 11.
 1 SYSTEMPATH/CodeIgniter.php(913): App\Controllers\Home->__construct()
 2 SYSTEMPATH/CodeIgniter.php(493): CodeIgniter\CodeIgniter->createController()
 3 SYSTEMPATH/CodeIgniter.php(361): CodeIgniter\CodeIgniter->handleRequest(null, Object(Config\Cache), false)
 4 FCPATH/index.php(79): CodeIgniter\CodeIgniter->run()
INFO - 2024-01-18 14:17:32 --> Session: Class initialized using 'CodeIgniter\Session\Handlers\FileHandler' driver.
WARNING - 2024-01-18 14:17:33 --> [DEPRECATED] Creation of dynamic property App\Controllers\Home::$usuario is deprecated in APPPATH/Controllers/Home.php on line 11.
 1 SYSTEMPATH/CodeIgniter.php(913): App\Controllers\Home->__construct()
 2 SYSTEMPATH/CodeIgniter.php(493): CodeIgniter\CodeIgniter->createController()
 3 SYSTEMPATH/CodeIgniter.php(361): CodeIgniter\CodeIgniter->handleRequest(null, Object(Config\Cache), false)
 4 FCPATH/index.php(79): CodeIgniter\CodeIgniter->run()
INFO - 2024-01-18 14:17:33 --> Session: Class initialized using 'CodeIgniter\Session\Handlers\FileHandler' driver.
WARNING - 2024-01-18 14:19:27 --> [DEPRECATED] Creation of dynamic property App\Controllers\Home::$usuario is deprecated in APPPATH/Controllers/Home.php on line 11.
 1 SYSTEMPATH/CodeIgniter.php(913): App\Controllers\Home->__construct()
 2 SYSTEMPATH/CodeIgniter.php(493): CodeIgniter\CodeIgniter->createController()
 3 SYSTEMPATH/CodeIgniter.php(361): CodeIgniter\CodeIgniter->handleRequest(null, Object(Config\Cache), false)
 4 FCPATH/index.php(79): CodeIgniter\CodeIgniter->run()
INFO - 2024-01-18 14:19:27 --> Session: Class initialized using 'CodeIgniter\Session\Handlers\FileHandler' driver.
WARNING - 2024-01-18 14:19:27 --> [DEPRECATED] Creation of dynamic property App\Controllers\Home::$usuario is deprecated in APPPATH/Controllers/Home.php on line 11.
 1 SYSTEMPATH/CodeIgniter.php(913): App\Controllers\Home->__construct()
 2 SYSTEMPATH/CodeIgniter.php(493): CodeIgniter\CodeIgniter->createController()
 3 SYSTEMPATH/CodeIgniter.php(361): CodeIgniter\CodeIgniter->handleRequest(null, Object(Config\Cache), false)
 4 FCPATH/index.php(79): CodeIgniter\CodeIgniter->run()
INFO - 2024-01-18 14:19:27 --> Session: Class initialized using 'CodeIgniter\Session\Handlers\FileHandler' driver.
INFO - 2024-01-18 14:19:27 --> Session: Class initialized using 'CodeIgniter\Session\Handlers\FileHandler' driver.
INFO - 2024-01-18 14:19:27 --> Session: Class initialized using 'CodeIgniter\Session\Handlers\FileHandler' driver.
INFO - 2024-01-18 14:19:29 --> CSRF token verified.
INFO - 2024-01-18 14:19:29 --> Session: Class initialized using 'CodeIgniter\Session\Handlers\FileHandler' driver.
WARNING - 2024-01-18 14:19:30 --> [DEPRECATED] Creation of dynamic property App\Controllers\Home::$usuario is deprecated in APPPATH/Controllers/Home.php on line 11.
 1 SYSTEMPATH/CodeIgniter.php(913): App\Controllers\Home->__construct()
 2 SYSTEMPATH/CodeIgniter.php(493): CodeIgniter\CodeIgniter->createController()
 3 SYSTEMPATH/CodeIgniter.php(361): CodeIgniter\CodeIgniter->handleRequest(null, Object(Config\Cache), false)
 4 FCPATH/index.php(79): CodeIgniter\CodeIgniter->run()
INFO - 2024-01-18 14:19:30 --> Session: Class initialized using 'CodeIgniter\Session\Handlers\FileHandler' driver.
INFO - 2024-01-18 14:19:32 --> Session: Class initialized using 'CodeIgniter\Session\Handlers\FileHandler' driver.
INFO - 2024-01-18 14:19:35 --> Session: Class initialized using 'CodeIgniter\Session\Handlers\FileHandler' driver.
WARNING - 2024-01-18 14:19:35 --> [DEPRECATED] Using php-function "ucfirst" as a modifier is deprecated and will be removed in a future release. Use Smarty::registerPlugin to explicitly register a custom modifier. in VENDORPATH/smarty/smarty/libs/sysplugins/smarty_internal_compile_private_modifier.php on line 112.
 1 VENDORPATH/smarty/smarty/libs/sysplugins/smarty_internal_compile_private_modifier.php(112): trigger_error('Using php-function "ucfirst" as a modifier is deprecated and will be removed in a future release. Use Smarty::registerPlugin to explicitly register a custom modifier.', 16384)
 2 VENDORPATH/smarty/smarty/libs/sysplugins/smarty_internal_templatecompilerbase.php(749): Smarty_Internal_Compile_Private_Modifier->compile([], Object(Smarty_Internal_SmartyTemplateCompiler), [...], null, null)
 3 VENDORPATH/smarty/smarty/libs/sysplugins/smarty_internal_templatecompilerbase.php(1486): Smarty_Internal_TemplateCompilerBase->callTagCompiler('private_modifier', [], [...])
 4 VENDORPATH/smarty/smarty/libs/sysplugins/smarty_internal_templatecompilerbase.php(550): Smarty_Internal_TemplateCompilerBase->compileTag2('private_modifier', [], [...])
 5 VENDORPATH/smarty/smarty/libs/sysplugins/smarty_internal_templateparser.php(2420): Smarty_Internal_TemplateCompilerBase->compileTag('private_modifier', [], [...])
 6 VENDORPATH/smarty/smarty/libs/sysplugins/smarty_internal_templateparser.php(2777): Smarty_Internal_Templateparser->yy_r96()
 7 VENDORPATH/smarty/smarty/libs/sysplugins/smarty_internal_templateparser.php(2872): Smarty_Internal_Templateparser->yy_reduce(96)
 8 VENDORPATH/smarty/smarty/libs/sysplugins/smarty_internal_smartytemplatecompiler.php(128): Smarty_Internal_Templateparser->doParse(13, '}')
 9 VENDORPATH/smarty/smarty/libs/sysplugins/smarty_internal_templatecompilerbase.php(466): Smarty_Internal_SmartyTemplateCompiler->doCompile('{extends file="../head.tpl"}
{block name=main}
	<script>
		$(document).ready(function() {
			verificaTipoDocumento();

			var SPMaskBehavior = function(val) {
					return val.replace(/\\D/g, \'\').length === 11 ? \'(00) 00000-0000\' : \'(00) 0000-00009\';
				},
				spOptions = {
					onKeyPress: function(val, e, field, options) {
						field.mask(SPMaskBehavior.apply({}, arguments), options);
					}
				};

			$(\'#telefone\').mask(SPMaskBehavior, spOptions);
		});

		function verificaTipoDocumento() {
			var tipoDocumento = document.getElementById("tipo_documento").value;
			var documento = document.getElementById("documento").value;
			if (tipoDocumento == \'CPF\') {
				$(\'#documento\').mask(\'000.000.000-00\');
			} else if (tipoDocumento == \'CNPJ\') {
				$(\'#documento\').mask(\'00.000.000/0000-00\');
			} else {
				$(\'#documento\').unmask();
			}
		}
	</script>
	<div class="container">
		<div class="title">
			<h2>Alterar Usuário</h2>
		</div>
		{if $data[\'msg\'] != null}
			<div class="alert alert-{$data[\'msg_type\']}" role="alert">
				{$data[\'msg\']}
				{if $data[\'errors\']|count > 0}
					<ul>
						{foreach from=$data[\'errors\'] item=error}
							<li>{$error}</li>
						{/foreach}
					</ul>
				{/if}
			</div>
		{/if}
		<form class="was-validated" method="post" onsubmit="">
			{csrf_field()}
			<div class="row">
				<div class="col-12">
					<label for="nome">Nome</label>
					<input type="text" class="form-control" id="nome" name="nome" placeholder="Nome Completo"
						value="{$pessoa->nome}" required>
				</div>
			</div>
			<div class="row">
				<div class="col-md-3">
					<div class="form-outline">
						<label for="tipo_documento" class="form-label">Tipo Documento</label>
						<select class="form-control" name="tipo_documento" id="tipo_documento" required
							onchange="verificaTipoDocumento();">
							<option value="">Selecione</option>
							{foreach from=$tipos_documento item=tipo_documento}
								<option value="{$tipo_documento}" {if $pessoa->tipo_documento == $tipo_documento}selected {/if}>
									{$tipo_documento}
								</option>
							{/foreach}
						</select>
					</div>
				</div>
				<div class="col-md-3">
					<div class="form-outline">
						<label for="documento cpf" class="form-label">Nº Documento</label>
						<input type="text" class="form-control" id="documento" name="documento" placeholder="Documento"
							value="{$pessoa->documento}" required>
					</div>
				</div>
				<div class="col-md-3">
					<div class="form-outline">
						<label for="data_nascimento" class="form-label">Data Nasc.</label>
						<input id="data_nascimento" name="data_nascimento" class="form-control" type="date"
							value="{$pessoa->data_nascimento}" required />
					</div>
				</div>
				<div class="col-md-3">
					<div class="form-outline">
						<label for="sexo" class="form-label">Sexo</label>
						<select class="form-control" id="sexo" name="sexo" required>
							<option value="">Selecione</option>
							{foreach from=$tipos_sexos item=sexo}
								<option value="{$sexo}" {if $pessoa->sexo == $sexo}selected {/if}>{$sexo|ucfirst}
								</option>
							{/foreach}
						</select>
					</div>
				</div>
			</div>
			<div class="row">
				<div class="col-md-6">
					<div class="form-outline">
						<label for="estado_civil" class="form-label">Estado Civil</label>
						<select class="form-control" name="estado_civil" id="estado_civil" required>
							<option value="">Selecione</option>
							{foreach from=$estados_civil item=estado_civil}
								<option value="{$estado_civil}" {if $pessoa->sexo == $sexo}selected {/if}>
									{$estado_civil|ucfirst}</option>
							{/foreach}
						</select>
					</div>
				</div>
				<div class="col-md-6">
					<div class="form-outline">
						<label for="telefone" class="form-label">Telefone</label>
						<input type="text" class="form-control" id="telefone" name="telefone"
							placeholder="Preferencial celular" value="{$pessoa->telefone}" required>
					</div>
				</div>
			</div>
			<div class="row">
				<div class="form-outline">
					<label for="email" class="form-label">Email</label>
					<input type="email" class="form-control" name="email" id="email" placeholder="Email válido"
						value="{$pessoa->email}" required>
				</div>
			</div>
			<div class="row">
				<div class="form-outline">
					<label for="senha" class="form-label">Senha</label>
					<input type="password" class="form-control" id="senha" name="senha" placeholder="Senha">
					<div class="valid-feedback">
						Se campo senha for mantido vazio, não será substituido a senha
					</div>
				</div>
			</div>
			<div class="row">
				<div class="col-md-{if $usuario->status != 3}4{else}12{/if}">
					<div class="form-outline">
						<label for="perfil_id" class="form-label">Status</label>
						<select class="form-control" name="perfil_id" id="perfil_id" required>
							<option value="">Selecione</option>
							{foreach from=$perfis item=perfil}
								<option value="{$perfil->id}" {if $usuario->perfil_id ==$perfil->id}selected {/if}>
									{$perfil->nome}</option>
							{/foreach}
						</select>
					</div>
				</div>
				{if $usuario->status != 3}
					<div class="col-md-8">
						<div class="form-outline">
							<label for="tipo_status_id" class="form-label">Status</label>
							<select class="form-control" name="tipo_status_id" id="tipo_status_id" required>
								<option value="">Selecione</option>
								{foreach from=$tipos_status item=tipo_status}
									<option value="{$tipo_status->id}" {if $usuario->status == $tipo_status->id}selected {/if}>
										{$tipo_status->nome}</option>
								{/foreach}
							</select>
						</div>
					</div>
				{/if}
			</div>
			<br>
			<button class="btn btn-primary" type="submit">Alterar</button>
			<a class="btn btn-light" href="{base_url()}usuario">Voltar</button>
		</form>
	</div>
{/block}', true)
10 VENDORPATH/smarty/smarty/libs/sysplugins/smarty_internal_templatecompilerbase.php(394): Smarty_Internal_TemplateCompilerBase->compileTemplateSource(Object(Smarty_Internal_Template), false, null)
11 VENDORPATH/smarty/smarty/libs/sysplugins/smarty_template_compiled.php(184): Smarty_Internal_TemplateCompilerBase->compileTemplate(Object(Smarty_Internal_Template))
12 VENDORPATH/smarty/smarty/libs/sysplugins/smarty_template_compiled.php(141): Smarty_Template_Compiled->compileTemplateSource(Object(Smarty_Internal_Template))
13 VENDORPATH/smarty/smarty/libs/sysplugins/smarty_template_compiled.php(105): Smarty_Template_Compiled->process(Object(Smarty_Internal_Template))
14 VENDORPATH/smarty/smarty/libs/sysplugins/smarty_internal_template.php(217): Smarty_Template_Compiled->render(Object(Smarty_Internal_Template))
15 VENDORPATH/smarty/smarty/libs/sysplugins/smarty_internal_templatebase.php(238): Smarty_Internal_Template->render(false, 1)
16 VENDORPATH/smarty/smarty/libs/sysplugins/smarty_internal_templatebase.php(134): Smarty_Internal_TemplateBase->_execute(Object(Smarty_Internal_Template), null, null, null, 1)
17 APPPATH/Controllers/UsuarioC.php(306): Smarty_Internal_TemplateBase->display('/application/iprc/app/Views//usuario/alterar.tpl')
18 SYSTEMPATH/CodeIgniter.php(941): App\Controllers\UsuarioC->alterar('3')
19 SYSTEMPATH/CodeIgniter.php(502): CodeIgniter\CodeIgniter->runController(Object(App\Controllers\UsuarioC))
20 SYSTEMPATH/CodeIgniter.php(361): CodeIgniter\CodeIgniter->handleRequest(null, Object(Config\Cache), false)
21 FCPATH/index.php(79): CodeIgniter\CodeIgniter->run()
WARNING - 2024-01-18 14:19:35 --> [DEPRECATED] Using php-function "ucfirst" as a modifier is deprecated and will be removed in a future release. Use Smarty::registerPlugin to explicitly register a custom modifier. in VENDORPATH/smarty/smarty/libs/sysplugins/smarty_internal_compile_private_modifier.php on line 112.
 1 VENDORPATH/smarty/smarty/libs/sysplugins/smarty_internal_compile_private_modifier.php(112): trigger_error('Using php-function "ucfirst" as a modifier is deprecated and will be removed in a future release. Use Smarty::registerPlugin to explicitly register a custom modifier.', 16384)
 2 VENDORPATH/smarty/smarty/libs/sysplugins/smarty_internal_templatecompilerbase.php(749): Smarty_Internal_Compile_Private_Modifier->compile([], Object(Smarty_Internal_SmartyTemplateCompiler), [...], null, null)
 3 VENDORPATH/smarty/smarty/libs/sysplugins/smarty_internal_templatecompilerbase.php(1486): Smarty_Internal_TemplateCompilerBase->callTagCompiler('private_modifier', [], [...])
 4 VENDORPATH/smarty/smarty/libs/sysplugins/smarty_internal_templatecompilerbase.php(550): Smarty_Internal_TemplateCompilerBase->compileTag2('private_modifier', [], [...])
 5 VENDORPATH/smarty/smarty/libs/sysplugins/smarty_internal_templateparser.php(2420): Smarty_Internal_TemplateCompilerBase->compileTag('private_modifier', [], [...])
 6 VENDORPATH/smarty/smarty/libs/sysplugins/smarty_internal_templateparser.php(2777): Smarty_Internal_Templateparser->yy_r96()
 7 VENDORPATH/smarty/smarty/libs/sysplugins/smarty_internal_templateparser.php(2872): Smarty_Internal_Templateparser->yy_reduce(96)
 8 VENDORPATH/smarty/smarty/libs/sysplugins/smarty_internal_smartytemplatecompiler.php(128): Smarty_Internal_Templateparser->doParse(13, '}')
 9 VENDORPATH/smarty/smarty/libs/sysplugins/smarty_internal_templatecompilerbase.php(466): Smarty_Internal_SmartyTemplateCompiler->doCompile('{extends file="../head.tpl"}
{block name=main}
	<script>
		$(document).ready(function() {
			verificaTipoDocumento();

			var SPMaskBehavior = function(val) {
					return val.replace(/\\D/g, \'\').length === 11 ? \'(00) 00000-0000\' : \'(00) 0000-00009\';
				},
				spOptions = {
					onKeyPress: function(val, e, field, options) {
						field.mask(SPMaskBehavior.apply({}, arguments), options);
					}
				};

			$(\'#telefone\').mask(SPMaskBehavior, spOptions);
		});

		function verificaTipoDocumento() {
			var tipoDocumento = document.getElementById("tipo_documento").value;
			var documento = document.getElementById("documento").value;
			if (tipoDocumento == \'CPF\') {
				$(\'#documento\').mask(\'000.000.000-00\');
			} else if (tipoDocumento == \'CNPJ\') {
				$(\'#documento\').mask(\'00.000.000/0000-00\');
			} else {
				$(\'#documento\').unmask();
			}
		}
	</script>
	<div class="container">
		<div class="title">
			<h2>Alterar Usuário</h2>
		</div>
		{if $data[\'msg\'] != null}
			<div class="alert alert-{$data[\'msg_type\']}" role="alert">
				{$data[\'msg\']}
				{if $data[\'errors\']|count > 0}
					<ul>
						{foreach from=$data[\'errors\'] item=error}
							<li>{$error}</li>
						{/foreach}
					</ul>
				{/if}
			</div>
		{/if}
		<form class="was-validated" method="post" onsubmit="">
			{csrf_field()}
			<div class="row">
				<div class="col-12">
					<label for="nome">Nome</label>
					<input type="text" class="form-control" id="nome" name="nome" placeholder="Nome Completo"
						value="{$pessoa->nome}" required>
				</div>
			</div>
			<div class="row">
				<div class="col-md-3">
					<div class="form-outline">
						<label for="tipo_documento" class="form-label">Tipo Documento</label>
						<select class="form-control" name="tipo_documento" id="tipo_documento" required
							onchange="verificaTipoDocumento();">
							<option value="">Selecione</option>
							{foreach from=$tipos_documento item=tipo_documento}
								<option value="{$tipo_documento}" {if $pessoa->tipo_documento == $tipo_documento}selected {/if}>
									{$tipo_documento}
								</option>
							{/foreach}
						</select>
					</div>
				</div>
				<div class="col-md-3">
					<div class="form-outline">
						<label for="documento cpf" class="form-label">Nº Documento</label>
						<input type="text" class="form-control" id="documento" name="documento" placeholder="Documento"
							value="{$pessoa->documento}" required>
					</div>
				</div>
				<div class="col-md-3">
					<div class="form-outline">
						<label for="data_nascimento" class="form-label">Data Nasc.</label>
						<input id="data_nascimento" name="data_nascimento" class="form-control" type="date"
							value="{$pessoa->data_nascimento}" required />
					</div>
				</div>
				<div class="col-md-3">
					<div class="form-outline">
						<label for="sexo" class="form-label">Sexo</label>
						<select class="form-control" id="sexo" name="sexo" required>
							<option value="">Selecione</option>
							{foreach from=$tipos_sexos item=sexo}
								<option value="{$sexo}" {if $pessoa->sexo == $sexo}selected {/if}>{$sexo|ucfirst}
								</option>
							{/foreach}
						</select>
					</div>
				</div>
			</div>
			<div class="row">
				<div class="col-md-6">
					<div class="form-outline">
						<label for="estado_civil" class="form-label">Estado Civil</label>
						<select class="form-control" name="estado_civil" id="estado_civil" required>
							<option value="">Selecione</option>
							{foreach from=$estados_civil item=estado_civil}
								<option value="{$estado_civil}" {if $pessoa->sexo == $sexo}selected {/if}>
									{$estado_civil|ucfirst}</option>
							{/foreach}
						</select>
					</div>
				</div>
				<div class="col-md-6">
					<div class="form-outline">
						<label for="telefone" class="form-label">Telefone</label>
						<input type="text" class="form-control" id="telefone" name="telefone"
							placeholder="Preferencial celular" value="{$pessoa->telefone}" required>
					</div>
				</div>
			</div>
			<div class="row">
				<div class="form-outline">
					<label for="email" class="form-label">Email</label>
					<input type="email" class="form-control" name="email" id="email" placeholder="Email válido"
						value="{$pessoa->email}" required>
				</div>
			</div>
			<div class="row">
				<div class="form-outline">
					<label for="senha" class="form-label">Senha</label>
					<input type="password" class="form-control" id="senha" name="senha" placeholder="Senha">
					<div class="valid-feedback">
						Se campo senha for mantido vazio, não será substituido a senha
					</div>
				</div>
			</div>
			<div class="row">
				<div class="col-md-{if $usuario->status != 3}4{else}12{/if}">
					<div class="form-outline">
						<label for="perfil_id" class="form-label">Status</label>
						<select class="form-control" name="perfil_id" id="perfil_id" required>
							<option value="">Selecione</option>
							{foreach from=$perfis item=perfil}
								<option value="{$perfil->id}" {if $usuario->perfil_id ==$perfil->id}selected {/if}>
									{$perfil->nome}</option>
							{/foreach}
						</select>
					</div>
				</div>
				{if $usuario->status != 3}
					<div class="col-md-8">
						<div class="form-outline">
							<label for="tipo_status_id" class="form-label">Status</label>
							<select class="form-control" name="tipo_status_id" id="tipo_status_id" required>
								<option value="">Selecione</option>
								{foreach from=$tipos_status item=tipo_status}
									<option value="{$tipo_status->id}" {if $usuario->status == $tipo_status->id}selected {/if}>
										{$tipo_status->nome}</option>
								{/foreach}
							</select>
						</div>
					</div>
				{/if}
			</div>
			<br>
			<button class="btn btn-primary" type="submit">Alterar</button>
			<a class="btn btn-light" href="{base_url()}usuario">Voltar</button>
		</form>
	</div>
{/block}', true)
10 VENDORPATH/smarty/smarty/libs/sysplugins/smarty_internal_templatecompilerbase.php(394): Smarty_Internal_TemplateCompilerBase->compileTemplateSource(Object(Smarty_Internal_Template), false, null)
11 VENDORPATH/smarty/smarty/libs/sysplugins/smarty_template_compiled.php(184): Smarty_Internal_TemplateCompilerBase->compileTemplate(Object(Smarty_Internal_Template))
12 VENDORPATH/smarty/smarty/libs/sysplugins/smarty_template_compiled.php(141): Smarty_Template_Compiled->compileTemplateSource(Object(Smarty_Internal_Template))
13 VENDORPATH/smarty/smarty/libs/sysplugins/smarty_template_compiled.php(105): Smarty_Template_Compiled->process(Object(Smarty_Internal_Template))
14 VENDORPATH/smarty/smarty/libs/sysplugins/smarty_internal_template.php(217): Smarty_Template_Compiled->render(Object(Smarty_Internal_Template))
15 VENDORPATH/smarty/smarty/libs/sysplugins/smarty_internal_templatebase.php(238): Smarty_Internal_Template->render(false, 1)
16 VENDORPATH/smarty/smarty/libs/sysplugins/smarty_internal_templatebase.php(134): Smarty_Internal_TemplateBase->_execute(Object(Smarty_Internal_Template), null, null, null, 1)
17 APPPATH/Controllers/UsuarioC.php(306): Smarty_Internal_TemplateBase->display('/application/iprc/app/Views//usuario/alterar.tpl')
18 SYSTEMPATH/CodeIgniter.php(941): App\Controllers\UsuarioC->alterar('3')
19 SYSTEMPATH/CodeIgniter.php(502): CodeIgniter\CodeIgniter->runController(Object(App\Controllers\UsuarioC))
20 SYSTEMPATH/CodeIgniter.php(361): CodeIgniter\CodeIgniter->handleRequest(null, Object(Config\Cache), false)
21 FCPATH/index.php(79): CodeIgniter\CodeIgniter->run()
INFO - 2024-01-18 14:19:36 --> CSRF token verified.
INFO - 2024-01-18 14:19:36 --> Session: Class initialized using 'CodeIgniter\Session\Handlers\FileHandler' driver.
INFO - 2024-01-18 14:19:36 --> Session: Class initialized using 'CodeIgniter\Session\Handlers\FileHandler' driver.
INFO - 2024-01-18 14:19:38 --> Session: Class initialized using 'CodeIgniter\Session\Handlers\FileHandler' driver.
INFO - 2024-01-18 14:19:41 --> CSRF token verified.
INFO - 2024-01-18 14:19:41 --> Session: Class initialized using 'CodeIgniter\Session\Handlers\FileHandler' driver.
INFO - 2024-01-18 14:19:41 --> Session: Class initialized using 'CodeIgniter\Session\Handlers\FileHandler' driver.
INFO - 2024-01-18 14:19:43 --> Session: Class initialized using 'CodeIgniter\Session\Handlers\FileHandler' driver.
WARNING - 2024-01-18 14:19:43 --> [DEPRECATED] Using php-function "ucfirst" as a modifier is deprecated and will be removed in a future release. Use Smarty::registerPlugin to explicitly register a custom modifier. in VENDORPATH/smarty/smarty/libs/sysplugins/smarty_internal_compile_private_modifier.php on line 112.
 1 VENDORPATH/smarty/smarty/libs/sysplugins/smarty_internal_compile_private_modifier.php(112): trigger_error('Using php-function "ucfirst" as a modifier is deprecated and will be removed in a future release. Use Smarty::registerPlugin to explicitly register a custom modifier.', 16384)
 2 VENDORPATH/smarty/smarty/libs/sysplugins/smarty_internal_templatecompilerbase.php(749): Smarty_Internal_Compile_Private_Modifier->compile([], Object(Smarty_Internal_SmartyTemplateCompiler), [...], null, null)
 3 VENDORPATH/smarty/smarty/libs/sysplugins/smarty_internal_templatecompilerbase.php(1486): Smarty_Internal_TemplateCompilerBase->callTagCompiler('private_modifier', [], [...])
 4 VENDORPATH/smarty/smarty/libs/sysplugins/smarty_internal_templatecompilerbase.php(550): Smarty_Internal_TemplateCompilerBase->compileTag2('private_modifier', [], [...])
 5 VENDORPATH/smarty/smarty/libs/sysplugins/smarty_internal_templateparser.php(2420): Smarty_Internal_TemplateCompilerBase->compileTag('private_modifier', [], [...])
 6 VENDORPATH/smarty/smarty/libs/sysplugins/smarty_internal_templateparser.php(2777): Smarty_Internal_Templateparser->yy_r96()
 7 VENDORPATH/smarty/smarty/libs/sysplugins/smarty_internal_templateparser.php(2872): Smarty_Internal_Templateparser->yy_reduce(96)
 8 VENDORPATH/smarty/smarty/libs/sysplugins/smarty_internal_smartytemplatecompiler.php(128): Smarty_Internal_Templateparser->doParse(13, '}')
 9 VENDORPATH/smarty/smarty/libs/sysplugins/smarty_internal_templatecompilerbase.php(466): Smarty_Internal_SmartyTemplateCompiler->doCompile('{extends file="../head.tpl"}
{block name=main}
	<script>
		$(document).ready(function() {
			verificaTipoDocumento();

			var SPMaskBehavior = function(val) {
					return val.replace(/\\D/g, \'\').length === 11 ? \'(00) 00000-0000\' : \'(00) 0000-00009\';
				},
				spOptions = {
					onKeyPress: function(val, e, field, options) {
						field.mask(SPMaskBehavior.apply({}, arguments), options);
					}
				};

			$(\'#telefone\').mask(SPMaskBehavior, spOptions);
		});

		function verificaTipoDocumento() {
			var tipoDocumento = document.getElementById("tipo_documento").value;
			var documento = document.getElementById("documento").value;
			if (tipoDocumento == \'CPF\') {
				$(\'#documento\').mask(\'000.000.000-00\');
			} else if (tipoDocumento == \'CNPJ\') {
				$(\'#documento\').mask(\'00.000.000/0000-00\');
			} else {
				$(\'#documento\').unmask();
			}
		}
	</script>
	<div class="container">
		<div class="title">
			<h2>Adicionar Usuário</h2>
		</div>
		{if $data[\'msg\'] != null}
			<div class="alert alert-{$data[\'msg_type\']}" role="alert">
				{$data[\'msg\']}
				{if $data[\'errors\']|count > 0}
					<ul>
						{foreach from=$data[\'errors\'] item=error}
							<li>{$error}</li>
						{/foreach}
					</ul>
				{/if}
			</div>
		{/if}
		<form class="was-validated" method="post" onsubmit="">
			{csrf_field()}
			<div class="row">
				<div class="col-12">
					<label for="nome">Nome</label>
					<input type="text" class="form-control" id="nome" name="nome" placeholder="Nome Completo" required>
				</div>
			</div>
			<div class="row">
				<div class="col-md-3">
					<div class="form-outline">
						<label for="tipo_documento" class="form-label">Tipo Documento</label>
						<select class="form-control" name="tipo_documento" id="tipo_documento" required
							onchange="verificaTipoDocumento();">
							<option value="">Selecione</option>
							{foreach from=$tipos_documento item=tipo_documento}
								<option value="{$tipo_documento}">{$tipo_documento}</option>
							{/foreach}
						</select>
					</div>
				</div>
				<div class="col-md-3">
					<div class="form-outline">
						<label for="documento cpf" class="form-label">Nº Documento</label>
						<input type="text" class="form-control" id="documento" name="documento" placeholder="Documento"
							required>
					</div>
				</div>
				<div class="col-md-3">
					<div class="form-outline">
						<label for="data_nascimento" class="form-label">Data Nasc.</label>
						<input id="data_nascimento" name="data_nascimento" class="form-control" type="date" required />
					</div>
				</div>
				<div class="col-md-3">
					<div class="form-outline">
						<label for="sexo" class="form-label">Sexo</label>
						<select class="form-control" id="sexo" name="sexo" required>
							<option value="">Selecione</option>
							{foreach from=$tipos_sexos item=sexo}
								<option value="{$sexo}">{$sexo|ucfirst}</option>
							{/foreach}
						</select>
					</div>
				</div>
			</div>
			<div class="row">
				<div class="col-md-6">
					<div class="form-outline">
						<label for="estado_civil" class="form-label">Estado Civil</label>
						<select class="form-control" name="estado_civil" id="estado_civil" required>
							<option value="">Selecione</option>
							{foreach from=$estados_civil item=estado_civil}
								<option value="{$estado_civil}">{$estado_civil|ucfirst}</option>
							{/foreach}
						</select>
					</div>
				</div>
				<div class="col-md-6">
					<div class="form-outline">
						<label for="telefone" class="form-label">Telefone</label>
						<input type="text" class="form-control" id="telefone" name="telefone"
							placeholder="Preferencial celular" required>
					</div>
				</div>
			</div>
			<div class="row">
				<div class="form-outline">
					<label for="email" class="form-label">Email</label>
					<input type="email" class="form-control" name="email" id="email" placeholder="Email válido" required>
				</div>
			</div>
			<div class="row">
				<div class="form-outline">
					<label for="senha" class="form-label">Senha</label>
					<input type="password" class="form-control" id="senha" name="senha" placeholder="Senha">
					<div class="valid-feedback">
						Se campo senha for mantido vazio será gerado uma senha aleatória para usuario no primeiro login
						trocar.
					</div>
				</div>
			</div>
			<div class="row">
				<div class="col-md-6">
					<div class="form-outline">
						<label for="perfil_id" class="form-label">Perfil</label>
						<select class="form-control" name="perfil_id" id="perfil_id" required>
							<option value="">Selecione</option>
							{foreach from=$perfis item=perfil}
								<option value="{$perfil->id}">{$perfil->nome}</option>
							{/foreach}
						</select>
					</div>
				</div>
			</div>
			<br>
			<button class="btn btn-primary" type="submit">Cadastrar</button>
			<a class="btn btn-light" href="{base_url()}usuario">Voltar</button>
		</form>
	</div>
{/block}', true)
10 VENDORPATH/smarty/smarty/libs/sysplugins/smarty_internal_templatecompilerbase.php(394): Smarty_Internal_TemplateCompilerBase->compileTemplateSource(Object(Smarty_Internal_Template), false, null)
11 VENDORPATH/smarty/smarty/libs/sysplugins/smarty_template_compiled.php(184): Smarty_Internal_TemplateCompilerBase->compileTemplate(Object(Smarty_Internal_Template))
12 VENDORPATH/smarty/smarty/libs/sysplugins/smarty_template_compiled.php(141): Smarty_Template_Compiled->compileTemplateSource(Object(Smarty_Internal_Template))
13 VENDORPATH/smarty/smarty/libs/sysplugins/smarty_template_compiled.php(105): Smarty_Template_Compiled->process(Object(Smarty_Internal_Template))
14 VENDORPATH/smarty/smarty/libs/sysplugins/smarty_internal_template.php(217): Smarty_Template_Compiled->render(Object(Smarty_Internal_Template))
15 VENDORPATH/smarty/smarty/libs/sysplugins/smarty_internal_templatebase.php(238): Smarty_Internal_Template->render(false, 1)
16 VENDORPATH/smarty/smarty/libs/sysplugins/smarty_internal_templatebase.php(134): Smarty_Internal_TemplateBase->_execute(Object(Smarty_Internal_Template), null, null, null, 1)
17 APPPATH/Controllers/UsuarioC.php(200): Smarty_Internal_TemplateBase->display('/application/iprc/app/Views//usuario/cadastrar.tpl')
18 SYSTEMPATH/CodeIgniter.php(941): App\Controllers\UsuarioC->cadastrar()
19 SYSTEMPATH/CodeIgniter.php(502): CodeIgniter\CodeIgniter->runController(Object(App\Controllers\UsuarioC))
20 SYSTEMPATH/CodeIgniter.php(361): CodeIgniter\CodeIgniter->handleRequest(null, Object(Config\Cache), false)
21 FCPATH/index.php(79): CodeIgniter\CodeIgniter->run()
WARNING - 2024-01-18 14:19:43 --> [DEPRECATED] Using php-function "ucfirst" as a modifier is deprecated and will be removed in a future release. Use Smarty::registerPlugin to explicitly register a custom modifier. in VENDORPATH/smarty/smarty/libs/sysplugins/smarty_internal_compile_private_modifier.php on line 112.
 1 VENDORPATH/smarty/smarty/libs/sysplugins/smarty_internal_compile_private_modifier.php(112): trigger_error('Using php-function "ucfirst" as a modifier is deprecated and will be removed in a future release. Use Smarty::registerPlugin to explicitly register a custom modifier.', 16384)
 2 VENDORPATH/smarty/smarty/libs/sysplugins/smarty_internal_templatecompilerbase.php(749): Smarty_Internal_Compile_Private_Modifier->compile([], Object(Smarty_Internal_SmartyTemplateCompiler), [...], null, null)
 3 VENDORPATH/smarty/smarty/libs/sysplugins/smarty_internal_templatecompilerbase.php(1486): Smarty_Internal_TemplateCompilerBase->callTagCompiler('private_modifier', [], [...])
 4 VENDORPATH/smarty/smarty/libs/sysplugins/smarty_internal_templatecompilerbase.php(550): Smarty_Internal_TemplateCompilerBase->compileTag2('private_modifier', [], [...])
 5 VENDORPATH/smarty/smarty/libs/sysplugins/smarty_internal_templateparser.php(2420): Smarty_Internal_TemplateCompilerBase->compileTag('private_modifier', [], [...])
 6 VENDORPATH/smarty/smarty/libs/sysplugins/smarty_internal_templateparser.php(2777): Smarty_Internal_Templateparser->yy_r96()
 7 VENDORPATH/smarty/smarty/libs/sysplugins/smarty_internal_templateparser.php(2872): Smarty_Internal_Templateparser->yy_reduce(96)
 8 VENDORPATH/smarty/smarty/libs/sysplugins/smarty_internal_smartytemplatecompiler.php(128): Smarty_Internal_Templateparser->doParse(13, '}')
 9 VENDORPATH/smarty/smarty/libs/sysplugins/smarty_internal_templatecompilerbase.php(466): Smarty_Internal_SmartyTemplateCompiler->doCompile('{extends file="../head.tpl"}
{block name=main}
	<script>
		$(document).ready(function() {
			verificaTipoDocumento();

			var SPMaskBehavior = function(val) {
					return val.replace(/\\D/g, \'\').length === 11 ? \'(00) 00000-0000\' : \'(00) 0000-00009\';
				},
				spOptions = {
					onKeyPress: function(val, e, field, options) {
						field.mask(SPMaskBehavior.apply({}, arguments), options);
					}
				};

			$(\'#telefone\').mask(SPMaskBehavior, spOptions);
		});

		function verificaTipoDocumento() {
			var tipoDocumento = document.getElementById("tipo_documento").value;
			var documento = document.getElementById("documento").value;
			if (tipoDocumento == \'CPF\') {
				$(\'#documento\').mask(\'000.000.000-00\');
			} else if (tipoDocumento == \'CNPJ\') {
				$(\'#documento\').mask(\'00.000.000/0000-00\');
			} else {
				$(\'#documento\').unmask();
			}
		}
	</script>
	<div class="container">
		<div class="title">
			<h2>Adicionar Usuário</h2>
		</div>
		{if $data[\'msg\'] != null}
			<div class="alert alert-{$data[\'msg_type\']}" role="alert">
				{$data[\'msg\']}
				{if $data[\'errors\']|count > 0}
					<ul>
						{foreach from=$data[\'errors\'] item=error}
							<li>{$error}</li>
						{/foreach}
					</ul>
				{/if}
			</div>
		{/if}
		<form class="was-validated" method="post" onsubmit="">
			{csrf_field()}
			<div class="row">
				<div class="col-12">
					<label for="nome">Nome</label>
					<input type="text" class="form-control" id="nome" name="nome" placeholder="Nome Completo" required>
				</div>
			</div>
			<div class="row">
				<div class="col-md-3">
					<div class="form-outline">
						<label for="tipo_documento" class="form-label">Tipo Documento</label>
						<select class="form-control" name="tipo_documento" id="tipo_documento" required
							onchange="verificaTipoDocumento();">
							<option value="">Selecione</option>
							{foreach from=$tipos_documento item=tipo_documento}
								<option value="{$tipo_documento}">{$tipo_documento}</option>
							{/foreach}
						</select>
					</div>
				</div>
				<div class="col-md-3">
					<div class="form-outline">
						<label for="documento cpf" class="form-label">Nº Documento</label>
						<input type="text" class="form-control" id="documento" name="documento" placeholder="Documento"
							required>
					</div>
				</div>
				<div class="col-md-3">
					<div class="form-outline">
						<label for="data_nascimento" class="form-label">Data Nasc.</label>
						<input id="data_nascimento" name="data_nascimento" class="form-control" type="date" required />
					</div>
				</div>
				<div class="col-md-3">
					<div class="form-outline">
						<label for="sexo" class="form-label">Sexo</label>
						<select class="form-control" id="sexo" name="sexo" required>
							<option value="">Selecione</option>
							{foreach from=$tipos_sexos item=sexo}
								<option value="{$sexo}">{$sexo|ucfirst}</option>
							{/foreach}
						</select>
					</div>
				</div>
			</div>
			<div class="row">
				<div class="col-md-6">
					<div class="form-outline">
						<label for="estado_civil" class="form-label">Estado Civil</label>
						<select class="form-control" name="estado_civil" id="estado_civil" required>
							<option value="">Selecione</option>
							{foreach from=$estados_civil item=estado_civil}
								<option value="{$estado_civil}">{$estado_civil|ucfirst}</option>
							{/foreach}
						</select>
					</div>
				</div>
				<div class="col-md-6">
					<div class="form-outline">
						<label for="telefone" class="form-label">Telefone</label>
						<input type="text" class="form-control" id="telefone" name="telefone"
							placeholder="Preferencial celular" required>
					</div>
				</div>
			</div>
			<div class="row">
				<div class="form-outline">
					<label for="email" class="form-label">Email</label>
					<input type="email" class="form-control" name="email" id="email" placeholder="Email válido" required>
				</div>
			</div>
			<div class="row">
				<div class="form-outline">
					<label for="senha" class="form-label">Senha</label>
					<input type="password" class="form-control" id="senha" name="senha" placeholder="Senha">
					<div class="valid-feedback">
						Se campo senha for mantido vazio será gerado uma senha aleatória para usuario no primeiro login
						trocar.
					</div>
				</div>
			</div>
			<div class="row">
				<div class="col-md-6">
					<div class="form-outline">
						<label for="perfil_id" class="form-label">Perfil</label>
						<select class="form-control" name="perfil_id" id="perfil_id" required>
							<option value="">Selecione</option>
							{foreach from=$perfis item=perfil}
								<option value="{$perfil->id}">{$perfil->nome}</option>
							{/foreach}
						</select>
					</div>
				</div>
			</div>
			<br>
			<button class="btn btn-primary" type="submit">Cadastrar</button>
			<a class="btn btn-light" href="{base_url()}usuario">Voltar</button>
		</form>
	</div>
{/block}', true)
10 VENDORPATH/smarty/smarty/libs/sysplugins/smarty_internal_templatecompilerbase.php(394): Smarty_Internal_TemplateCompilerBase->compileTemplateSource(Object(Smarty_Internal_Template), false, null)
11 VENDORPATH/smarty/smarty/libs/sysplugins/smarty_template_compiled.php(184): Smarty_Internal_TemplateCompilerBase->compileTemplate(Object(Smarty_Internal_Template))
12 VENDORPATH/smarty/smarty/libs/sysplugins/smarty_template_compiled.php(141): Smarty_Template_Compiled->compileTemplateSource(Object(Smarty_Internal_Template))
13 VENDORPATH/smarty/smarty/libs/sysplugins/smarty_template_compiled.php(105): Smarty_Template_Compiled->process(Object(Smarty_Internal_Template))
14 VENDORPATH/smarty/smarty/libs/sysplugins/smarty_internal_template.php(217): Smarty_Template_Compiled->render(Object(Smarty_Internal_Template))
15 VENDORPATH/smarty/smarty/libs/sysplugins/smarty_internal_templatebase.php(238): Smarty_Internal_Template->render(false, 1)
16 VENDORPATH/smarty/smarty/libs/sysplugins/smarty_internal_templatebase.php(134): Smarty_Internal_TemplateBase->_execute(Object(Smarty_Internal_Template), null, null, null, 1)
17 APPPATH/Controllers/UsuarioC.php(200): Smarty_Internal_TemplateBase->display('/application/iprc/app/Views//usuario/cadastrar.tpl')
18 SYSTEMPATH/CodeIgniter.php(941): App\Controllers\UsuarioC->cadastrar()
19 SYSTEMPATH/CodeIgniter.php(502): CodeIgniter\CodeIgniter->runController(Object(App\Controllers\UsuarioC))
20 SYSTEMPATH/CodeIgniter.php(361): CodeIgniter\CodeIgniter->handleRequest(null, Object(Config\Cache), false)
21 FCPATH/index.php(79): CodeIgniter\CodeIgniter->run()
WARNING - 2024-01-18 14:19:45 --> [DEPRECATED] Creation of dynamic property App\Controllers\Home::$usuario is deprecated in APPPATH/Controllers/Home.php on line 11.
 1 SYSTEMPATH/CodeIgniter.php(913): App\Controllers\Home->__construct()
 2 SYSTEMPATH/CodeIgniter.php(493): CodeIgniter\CodeIgniter->createController()
 3 SYSTEMPATH/CodeIgniter.php(361): CodeIgniter\CodeIgniter->handleRequest(null, Object(Config\Cache), false)
 4 FCPATH/index.php(79): CodeIgniter\CodeIgniter->run()
INFO - 2024-01-18 14:19:45 --> Session: Class initialized using 'CodeIgniter\Session\Handlers\FileHandler' driver.
INFO - 2024-01-18 17:33:07 --> Session: Class initialized using 'CodeIgniter\Session\Handlers\FileHandler' driver.
INFO - 2024-01-18 17:33:07 --> Session: Class initialized using 'CodeIgniter\Session\Handlers\FileHandler' driver.
INFO - 2024-01-18 17:33:09 --> CSRF token verified.
INFO - 2024-01-18 17:33:09 --> Session: Class initialized using 'CodeIgniter\Session\Handlers\FileHandler' driver.
WARNING - 2024-01-18 17:33:10 --> [DEPRECATED] Creation of dynamic property App\Controllers\Home::$usuario is deprecated in APPPATH/Controllers/Home.php on line 11.
 1 SYSTEMPATH/CodeIgniter.php(913): App\Controllers\Home->__construct()
 2 SYSTEMPATH/CodeIgniter.php(493): CodeIgniter\CodeIgniter->createController()
 3 SYSTEMPATH/CodeIgniter.php(361): CodeIgniter\CodeIgniter->handleRequest(null, Object(Config\Cache), false)
 4 FCPATH/index.php(79): CodeIgniter\CodeIgniter->run()
INFO - 2024-01-18 17:33:10 --> Session: Class initialized using 'CodeIgniter\Session\Handlers\FileHandler' driver.
WARNING - 2024-01-18 18:33:40 --> [DEPRECATED] Creation of dynamic property App\Controllers\Home::$usuario is deprecated in APPPATH/Controllers/Home.php on line 11.
 1 SYSTEMPATH/CodeIgniter.php(913): App\Controllers\Home->__construct()
 2 SYSTEMPATH/CodeIgniter.php(493): CodeIgniter\CodeIgniter->createController()
 3 SYSTEMPATH/CodeIgniter.php(361): CodeIgniter\CodeIgniter->handleRequest(null, Object(Config\Cache), false)
 4 FCPATH/index.php(79): CodeIgniter\CodeIgniter->run()
INFO - 2024-01-18 18:33:40 --> Session: Class initialized using 'CodeIgniter\Session\Handlers\FileHandler' driver.
INFO - 2024-01-18 18:34:41 --> Session: Class initialized using 'CodeIgniter\Session\Handlers\FileHandler' driver.
WARNING - 2024-01-18 18:34:44 --> [DEPRECATED] Creation of dynamic property App\Controllers\Home::$usuario is deprecated in APPPATH/Controllers/Home.php on line 11.
 1 SYSTEMPATH/CodeIgniter.php(913): App\Controllers\Home->__construct()
 2 SYSTEMPATH/CodeIgniter.php(493): CodeIgniter\CodeIgniter->createController()
 3 SYSTEMPATH/CodeIgniter.php(361): CodeIgniter\CodeIgniter->handleRequest(null, Object(Config\Cache), false)
 4 FCPATH/index.php(79): CodeIgniter\CodeIgniter->run()
INFO - 2024-01-18 18:34:44 --> Session: Class initialized using 'CodeIgniter\Session\Handlers\FileHandler' driver.
